<?xml version="1.0" encoding="UTF-8" standalone="yes"?><!DOCTYPE report PUBLIC "-//JACOCO//DTD Report 1.1//EN" "report.dtd"><report name="gs-maven"><sessioninfo id="LAPTOP-D2SR03TD-7c235b47" start="1696172499625" dump="1696172500683"/><sessioninfo id="LAPTOP-D2SR03TD-9355acb4" start="1696172508710" dump="1696172509801"/><package name=""><class name="classroom" sourcefilename="classroom.java"><method name="&lt;init&gt;" desc="()V" line="5"><counter type="INSTRUCTION" missed="0" covered="3"/><counter type="LINE" missed="0" covered="1"/><counter type="COMPLEXITY" missed="0" covered="1"/><counter type="METHOD" missed="0" covered="1"/></method><method name="add" desc="(II)I" line="9"><counter type="INSTRUCTION" missed="0" covered="4"/><counter type="LINE" missed="0" covered="1"/><counter type="COMPLEXITY" missed="0" covered="1"/><counter type="METHOD" missed="0" covered="1"/></method><method name="subtract" desc="(II)I" line="14"><counter type="INSTRUCTION" missed="4" covered="0"/><counter type="LINE" missed="1" covered="0"/><counter type="COMPLEXITY" missed="1" covered="0"/><counter type="METHOD" missed="1" covered="0"/></method><method name="multiply" desc="(II)I" line="19"><counter type="INSTRUCTION" missed="0" covered="4"/><counter type="LINE" missed="0" covered="1"/><counter type="COMPLEXITY" missed="0" covered="1"/><counter type="METHOD" missed="0" covered="1"/></method><method name="divide" desc="(II)D" line="24"><counter type="INSTRUCTION" missed="13" covered="0"/><counter type="BRANCH" missed="2" covered="0"/><counter type="LINE" missed="3" covered="0"/><counter type="COMPLEXITY" missed="2" covered="0"/><counter type="METHOD" missed="1" covered="0"/></method><method name="isEven" desc="(I)Z" line="32"><counter type="INSTRUCTION" missed="8" covered="0"/><counter type="BRANCH" missed="2" covered="0"/><counter type="LINE" missed="1" covered="0"/><counter type="COMPLEXITY" missed="2" covered="0"/><counter type="METHOD" missed="1" covered="0"/></method><method name="readSensitiveDataFromFile" desc="(Ljava/lang/String;)Ljava/lang/String;" line="37"><counter type="INSTRUCTION" missed="29" covered="0"/><counter type="BRANCH" missed="2" covered="0"/><counter type="LINE" missed="6" covered="0"/><counter type="COMPLEXITY" missed="2" covered="0"/><counter type="METHOD" missed="1" covered="0"/></method><method name="executeCommand" desc="(Ljava/lang/String;)V" line="49"><counter type="INSTRUCTION" missed="5" covered="0"/><counter type="LINE" missed="2" covered="0"/><counter type="COMPLEXITY" missed="1" covered="0"/><counter type="METHOD" missed="1" covered="0"/></method><method name="storeUserProfileData" desc="(Ljava/lang/String;Ljava/lang/String;I)V" line="55"><counter type="INSTRUCTION" missed="34" covered="0"/><counter type="LINE" missed="5" covered="0"/><counter type="COMPLEXITY" missed="1" covered="0"/><counter type="METHOD" missed="1" covered="0"/></method><method name="encryptData" desc="(Ljava/lang/String;)Ljava/lang/String;" line="65"><counter type="INSTRUCTION" missed="62" covered="0"/><counter type="BRANCH" missed="12" covered="0"/><counter type="LINE" missed="11" covered="0"/><counter type="COMPLEXITY" missed="7" covered="0"/><counter type="METHOD" missed="1" covered="0"/></method><method name="redirectToExternalURL" desc="(Ljava/lang/String;)V" line="85"><counter type="INSTRUCTION" missed="12" covered="0"/><counter type="LINE" missed="2" covered="0"/><counter type="COMPLEXITY" missed="1" covered="0"/><counter type="METHOD" missed="1" covered="0"/></method><counter type="INSTRUCTION" missed="167" covered="11"/><counter type="BRANCH" missed="18" covered="0"/><counter type="LINE" missed="31" covered="3"/><counter type="COMPLEXITY" missed="17" covered="3"/><counter type="METHOD" missed="8" covered="3"/><counter type="CLASS" missed="0" covered="1"/></class><sourcefile name="classroom.java"><line nr="5" mi="0" ci="3" mb="0" cb="0"/><line nr="9" mi="0" ci="4" mb="0" cb="0"/><line nr="14" mi="4" ci="0" mb="0" cb="0"/><line nr="19" mi="0" ci="4" mb="0" cb="0"/><line nr="24" mi="2" ci="0" mb="2" cb="0"/><line nr="25" mi="5" ci="0" mb="0" cb="0"/><line nr="27" mi="6" ci="0" mb="0" cb="0"/><line nr="32" mi="8" ci="0" mb="2" cb="0"/><line nr="37" mi="8" ci="0" mb="0" cb="0"/><line nr="38" mi="2" ci="0" mb="0" cb="0"/><line nr="40" mi="5" ci="0" mb="2" cb="0"/><line nr="41" mi="10" ci="0" mb="0" cb="0"/><line nr="43" mi="2" ci="0" mb="0" cb="0"/><line nr="44" mi="2" ci="0" mb="0" cb="0"/><line nr="49" mi="4" ci="0" mb="0" cb="0"/><line nr="50" mi="1" ci="0" mb="0" cb="0"/><line nr="55" mi="3" ci="0" mb="0" cb="0"/><line nr="56" mi="10" ci="0" mb="0" cb="0"/><line nr="57" mi="10" ci="0" mb="0" cb="0"/><line nr="58" mi="10" ci="0" mb="0" cb="0"/><line nr="59" mi="1" ci="0" mb="0" cb="0"/><line nr="65" mi="4" ci="0" mb="0" cb="0"/><line nr="66" mi="2" ci="0" mb="0" cb="0"/><line nr="67" mi="17" ci="0" mb="2" cb="0"/><line nr="68" mi="3" ci="0" mb="2" cb="0"/><line nr="69" mi="5" ci="0" mb="0" cb="0"/><line nr="70" mi="12" ci="0" mb="8" cb="0"/><line nr="71" mi="7" ci="0" mb="0" cb="0"/><line nr="73" mi="4" ci="0" mb="0" cb="0"/><line nr="74" mi="1" ci="0" mb="0" cb="0"/><line nr="75" mi="4" ci="0" mb="0" cb="0"/><line nr="78" mi="3" ci="0" mb="0" cb="0"/><line nr="85" mi="11" ci="0" mb="0" cb="0"/><line nr="86" mi="1" ci="0" mb="0" cb="0"/><counter type="INSTRUCTION" missed="167" covered="11"/><counter type="BRANCH" missed="18" covered="0"/><counter type="LINE" missed="31" covered="3"/><counter type="COMPLEXITY" missed="17" covered="3"/><counter type="METHOD" missed="8" covered="3"/><counter type="CLASS" missed="0" covered="1"/></sourcefile><counter type="INSTRUCTION" missed="167" covered="11"/><counter type="BRANCH" missed="18" covered="0"/><counter type="LINE" missed="31" covered="3"/><counter type="COMPLEXITY" missed="17" covered="3"/><counter type="METHOD" missed="8" covered="3"/><counter type="CLASS" missed="0" covered="1"/></package><counter type="INSTRUCTION" missed="167" covered="11"/><counter type="BRANCH" missed="18" covered="0"/><counter type="LINE" missed="31" covered="3"/><counter type="COMPLEXITY" missed="17" covered="3"/><counter type="METHOD" missed="8" covered="3"/><counter type="CLASS" missed="0" covered="1"/></report>